Build started 9/2/2015 10:41:24 PM.
     1>Project "D:\code\VS2010\balance_robot_0\balance_robot_0\balance_robot_0.vcxproj" on node 2 (build target(s)).
     1>InitializeBuildStatus:
         Creating "Debug\balance_robot_0.unsuccessfulbuild" because "AlwaysCreate" was specified.
       ClCompile:
         C:\Program Files (x86)\Microsoft Visual Studio 10.0\VC\bin\CL.exe /c /ZI /nologo /W3 /WX- /Od /Oy- /D WIN32 /D _WINDOWS /D _DEBUG /D _UNICODE /D UNICODE /D _AFXDLL /Gm /EHsc /RTC1 /MDd /GS /fp:precise /Zc:wchar_t /Zc:forScope /Yc"StdAfx.h" /Fp"Debug\balance_robot_0.pch" /Fo"Debug\\" /Fd"Debug\vc100.pdb" /Gd /TP /analyze- /errorReport:prompt stdafx.cpp
         stdafx.cpp
         C:\Program Files (x86)\Microsoft Visual Studio 10.0\VC\bin\CL.exe /c /ZI /nologo /W3 /WX- /Od /Oy- /D WIN32 /D _WINDOWS /D _DEBUG /D _UNICODE /D UNICODE /D _AFXDLL /Gm /EHsc /RTC1 /MDd /GS /fp:precise /Zc:wchar_t /Zc:forScope /Yu"StdAfx.h" /Fp"Debug\balance_robot_0.pch" /Fo"Debug\\" /Fd"Debug\vc100.pdb" /Gd /TP /analyze- /errorReport:prompt balance_robot_0.cpp balance_robot_0Dlg.cpp Joystick.cpp mscomm1.cpp UserComm.cpp
         UserComm.cpp
         mscomm1.cpp
         Joystick.cpp
         balance_robot_0Dlg.cpp
         balance_robot_0.cpp
         Generating Code...
       ResourceCompile:
         C:\Program Files (x86)\Microsoft SDKs\Windows\v7.0A\bin\rc.exe /D _DEBUG /D _UNICODE /D UNICODE /D _AFXDLL /l"0x0409" /IDebug\ /nologo /fo"Debug\balance_robot_0.res" balance_robot_0.rc 
       ManifestResourceCompile:
         C:\Program Files (x86)\Microsoft SDKs\Windows\v7.0A\bin\rc.exe /nologo /fo"Debug\balance_robot_0.exe.embed.manifest.res" Debug\balance_robot_0_manifest.rc 
       Link:
         C:\Program Files (x86)\Microsoft Visual Studio 10.0\VC\bin\link.exe /ERRORREPORT:PROMPT /OUT:"D:\code\VS2010\balance_robot_0\Debug\balance_robot_0.exe" /INCREMENTAL /NOLOGO /LIBPATH:"C:\Program Files (x86)\Microsoft DirectX SDK (June 2010)\Lib\x86" /MANIFEST /ManifestFile:"Debug\balance_robot_0.exe.intermediate.manifest" /MANIFESTUAC:"level='asInvoker' uiAccess='false'" /DEBUG /PDB:"D:\code\VS2010\balance_robot_0\Debug\balance_robot_0.pdb" /SUBSYSTEM:WINDOWS /TLBID:1 /ENTRY:"wWinMainCRTStartup" /DYNAMICBASE /NXCOMPAT /IMPLIB:"D:\code\VS2010\balance_robot_0\Debug\balance_robot_0.lib" /MACHINE:X86 Debug\balance_robot_0.res
         Debug\balance_robot_0.exe.embed.manifest.res
         Debug\balance_robot_0.obj
         Debug\balance_robot_0Dlg.obj
         Debug\Joystick.obj
         Debug\mscomm1.obj
         Debug\stdafx.obj
         Debug\UserComm.obj
       Manifest:
         C:\Program Files (x86)\Microsoft SDKs\Windows\v7.0A\bin\mt.exe /nologo /verbose /out:"Debug\balance_robot_0.exe.embed.manifest" /manifest Debug\balance_robot_0.exe.intermediate.manifest "C:\Program Files (x86)\Microsoft Visual Studio 10.0\VC\Include\Manifest\dpiaware.manifest"
         C:\Program Files (x86)\Microsoft SDKs\Windows\v7.0A\bin\rc.exe /nologo /fo"Debug\balance_robot_0.exe.embed.manifest.res" Debug\balance_robot_0_manifest.rc 
       LinkEmbedManifest:
         C:\Program Files (x86)\Microsoft Visual Studio 10.0\VC\bin\link.exe /ERRORREPORT:PROMPT /OUT:"D:\code\VS2010\balance_robot_0\Debug\balance_robot_0.exe" /INCREMENTAL /NOLOGO /LIBPATH:"C:\Program Files (x86)\Microsoft DirectX SDK (June 2010)\Lib\x86" /MANIFEST /ManifestFile:"Debug\balance_robot_0.exe.intermediate.manifest" /MANIFESTUAC:"level='asInvoker' uiAccess='false'" /DEBUG /PDB:"D:\code\VS2010\balance_robot_0\Debug\balance_robot_0.pdb" /SUBSYSTEM:WINDOWS /TLBID:1 /ENTRY:"wWinMainCRTStartup" /DYNAMICBASE /NXCOMPAT /IMPLIB:"D:\code\VS2010\balance_robot_0\Debug\balance_robot_0.lib" /MACHINE:X86 Debug\balance_robot_0.res
         Debug\balance_robot_0.exe.embed.manifest.res
         Debug\balance_robot_0.obj
         Debug\balance_robot_0Dlg.obj
         Debug\Joystick.obj
         Debug\mscomm1.obj
         Debug\stdafx.obj
         Debug\UserComm.obj
         balance_robot_0.vcxproj -> D:\code\VS2010\balance_robot_0\Debug\balance_robot_0.exe
       FinalizeBuildStatus:
         Deleting file "Debug\balance_robot_0.unsuccessfulbuild".
         Touching "Debug\balance_robot_0.lastbuildstate".
     1>Done Building Project "D:\code\VS2010\balance_robot_0\balance_robot_0\balance_robot_0.vcxproj" (build target(s)).

Build succeeded.

Time Elapsed 00:00:12.93
